INFO    | mcmc.py      | CMD: ms-smc-mcmc --log-level INFO --mcmc-nsamples 10000 --mcmc-print-interval 50 --mcmc-sample-interval 5 --mcmc-burnin 200 --recomb 2e-9 --name combined-123-50loci-2e5len --data-type combined --log-file --nsites 2e5 --threads 70 --seed 123 --nloci 50 --prior u 10 1e7 --params 100_000 200_000 300_000 --mcmc-jumpsize 10000 20000 30000
INFO    | mcmc.py      | true simulated parameters ([100000. 200000. 300000.]).
INFO    | mcmc.py      | simulating 50 tree sequences for 2e+05 sites w/ recomb=2e-09.
INFO    | mcmc.py      | loading genealogy embedding table for [966, 997, 978, 967, 983, 897, 1038, 1058, 1007, 1124, 1120, 1029, 1014, 985, 936, 995, 1021, 1045, 1019, 965, 1059, 1077, 929, 963, 1039, 1106, 1022, 976, 1072, 1078, 1033, 1032, 887, 941, 1085, 1034, 1072, 992, 970, 980, 979, 1041, 1090, 943, 1075, 1036, 984, 1075, 1096, 1076] genealogies.
INFO    | mcmc.py      | ([100000. 200000. 300000.]) loglik 454272.315.
INFO    | mcmc.py      | starting MCMC sampler for 10000 samples.
INFO    | mcmc.py      | iter	sample	loglik   	params               	accept	runtime	cat
INFO    | mcmc.py      |    0	   0	455780.361	[509202 511542 480906]	0.50	0:00:03	burnin
INFO    | mcmc.py      |   50	   0	454411.623	[330876 115238 187281]	0.47	0:02:15	burnin
INFO    | mcmc.py      |  100	   0	454272.103	[ 88084 212987 282109]	0.35	0:06:05	burnin
INFO    | mcmc.py      |  150	   0	454272.227	[ 89516 213896 279063]	0.28	0:14:15	burnin
INFO    | mcmc.py      |  200	   0	454272.102	[ 98616 190476 293128]	0.26	0:21:02	burnin
INFO    | mcmc.py      | ---------------------------------
INFO    | mcmc.py      |  250	  10	454273.290	[ 81556 231164 283481]	0.25	0:29:27	sample
INFO    | mcmc.py      |  300	  20	454274.776	[101279 188274 331284]	0.25	0:36:11	sample
INFO    | mcmc.py      |  350	  30	454271.980	[ 87851 210900 317349]	0.24	0:42:59	sample
INFO    | mcmc.py      |  400	  40	454274.010	[ 90507 197420 274890]	0.24	0:47:50	sample
INFO    | mcmc.py      |  450	  50	454272.644	[ 89173 217547 311733]	0.24	0:50:58	sample
INFO    | mcmc.py      |  500	  60	454274.784	[ 70107 235791 327870]	0.24	0:54:25	sample
INFO    | mcmc.py      |  550	  70	454272.803	[ 91158 212732 271790]	0.24	0:57:32	sample
INFO    | mcmc.py      |  600	  80	454272.770	[ 87534 194822 296138]	0.24	1:00:48	sample
INFO    | mcmc.py      |  650	  90	454273.351	[ 88197 214302 270169]	0.24	1:03:37	sample
INFO    | mcmc.py      |  700	 100	454274.420	[ 93741 176774 317466]	0.24	1:06:36	sample
INFO    | mcmc.py      | checkpoint saved.
INFO    | mcmc.py      | MCMC current posterior mean=[ 88602 208965 304584 454273]
INFO    | mcmc.py      | MCMC current posterior std =[ 9514 14995 21980     1]
INFO    | mcmc.py      | MCMC current posterior ESS =[71, 88, 68, 73]

INFO    | mcmc.py      |  750	 110	454272.654	[ 82356 197207 327828]	0.24	1:11:12	sample
INFO    | mcmc.py      |  800	 120	454275.480	[110321 203959 260506]	0.24	1:14:35	sample
INFO    | mcmc.py      |  850	 130	454274.083	[ 83412 203186 349022]	0.24	1:17:51	sample
INFO    | mcmc.py      |  900	 140	454273.324	[101002 180762 315667]	0.24	1:21:49	sample
INFO    | mcmc.py      |  950	 150	454271.866	[ 87304 198183 321647]	0.24	1:25:21	sample
INFO    | mcmc.py      | 1000	 160	454275.083	[ 67625 218299 341476]	0.23	1:29:28	sample
INFO    | mcmc.py      | 1050	 170	454273.662	[ 73115 215949 310069]	0.23	1:32:44	sample
INFO    | mcmc.py      | 1100	 180	454272.882	[ 89783 225106 281698]	0.23	1:35:50	sample
INFO    | mcmc.py      | 1150	 190	454272.598	[ 84100 210722 285406]	0.23	1:40:11	sample
INFO    | mcmc.py      | 1200	 200	454273.288	[ 87740 197628 285621]	0.23	1:43:25	sample
INFO    | mcmc.py      | checkpoint saved.
INFO    | mcmc.py      | MCMC current posterior mean=[ 89145 206836 304425 454273]
INFO    | mcmc.py      | MCMC current posterior std =[ 9276 15466 22003     1]
INFO    | mcmc.py      | MCMC current posterior ESS =[165, 131, 154, 161]

INFO    | mcmc.py      | 1250	 210	454274.287	[100297 176673 294479]	0.23	1:47:09	sample
INFO    | mcmc.py      | 1300	 220	454273.705	[100474 194313 320958]	0.23	1:51:22	sample
INFO    | mcmc.py      | 1350	 230	454272.302	[ 87287 209719 282358]	0.23	1:55:43	sample
INFO    | mcmc.py      | 1400	 240	454271.796	[ 95059 208706 291471]	0.23	1:59:18	sample
INFO    | mcmc.py      | 1450	 250	454271.602	[ 83307 207222 310068]	0.23	2:02:56	sample
INFO    | mcmc.py      | 1500	 260	454276.322	[113544 192458 299095]	0.23	2:06:26	sample
INFO    | mcmc.py      | 1550	 270	454271.948	[ 95576 197340 312331]	0.23	2:10:39	sample
INFO    | mcmc.py      | 1600	 280	454271.371	[ 91150 199729 304271]	0.23	2:14:31	sample
INFO    | mcmc.py      | 1650	 290	454273.684	[107461 184983 303802]	0.23	2:18:17	sample
INFO    | mcmc.py      | 1700	 300	454275.935	[101032 168380 307256]	0.23	2:21:45	sample
INFO    | mcmc.py      | checkpoint saved.
INFO    | mcmc.py      | MCMC current posterior mean=[ 89951 206010 303123 454273]
INFO    | mcmc.py      | MCMC current posterior std =[ 9460 14755 21955     1]
INFO    | mcmc.py      | MCMC current posterior ESS =[230, 250, 254, 233]

INFO    | mcmc.py      | 1750	 310	454272.197	[ 91453 189855 316343]	0.23	2:24:40	sample
INFO    | mcmc.py      | 1800	 320	454275.034	[ 79319 242680 305247]	0.23	2:27:54	sample
INFO    | mcmc.py      | 1850	 330	454272.442	[ 88654 193943 329062]	0.23	2:31:20	sample
INFO    | mcmc.py      | 1900	 340	454273.121	[ 93423 184398 326415]	0.23	2:34:42	sample
INFO    | mcmc.py      | 1950	 350	454273.527	[ 81713 193647 316529]	0.23	2:38:48	sample
INFO    | mcmc.py      | 2000	 360	454273.462	[ 75461 228226 294431]	0.23	2:42:25	sample
INFO    | mcmc.py      | 2050	 370	454271.869	[ 98532 195574 290381]	0.23	2:46:39	sample
INFO    | mcmc.py      | 2100	 380	454273.654	[ 93935 224804 285036]	0.22	2:50:37	sample
INFO    | mcmc.py      | 2150	 390	454271.993	[ 86138 205154 292296]	0.22	2:54:15	sample
INFO    | mcmc.py      | 2200	 400	454275.740	[103083 174645 335125]	0.22	2:58:23	sample
INFO    | mcmc.py      | checkpoint saved.
INFO    | mcmc.py      | MCMC current posterior mean=[ 89654 205965 303671 454273]
INFO    | mcmc.py      | MCMC current posterior std =[ 9514 14890 21712     1]
INFO    | mcmc.py      | MCMC current posterior ESS =[324, 356, 359, 338]

INFO    | mcmc.py      | 2250	 410	454272.164	[ 91271 217890 293811]	0.22	3:02:05	sample
INFO    | mcmc.py      | 2300	 420	454272.746	[ 75371 223131 309491]	0.22	3:05:37	sample
INFO    | mcmc.py      | 2350	 430	454274.591	[ 84519 197418 353474]	0.22	3:08:19	sample
INFO    | mcmc.py      | 2400	 440	454271.716	[ 87749 202322 296007]	0.23	3:11:51	sample
INFO    | mcmc.py      | 2450	 450	454272.857	[ 98423 188447 320195]	0.22	3:15:09	sample
INFO    | mcmc.py      | 2500	 460	454273.148	[ 77797 201749 324981]	0.22	3:18:48	sample
INFO    | mcmc.py      | 2550	 470	454272.382	[102174 192374 286107]	0.22	3:23:05	sample
INFO    | mcmc.py      | 2600	 480	454273.326	[ 96914 189224 280324]	0.22	3:26:31	sample
INFO    | mcmc.py      | 2650	 490	454273.401	[ 73288 228455 306620]	0.22	3:29:34	sample
INFO    | mcmc.py      | 2700	 500	454271.704	[ 91716 193951 308840]	0.22	3:33:18	sample
INFO    | mcmc.py      | checkpoint saved.
INFO    | mcmc.py      | MCMC current posterior mean=[ 89598 206281 303865 454273]
INFO    | mcmc.py      | MCMC current posterior std =[ 9454 15021 21392     1]
INFO    | mcmc.py      | MCMC current posterior ESS =[408, 448, 464, 423]

INFO    | mcmc.py      | 2750	 510	454273.755	[ 83083 200398 347232]	0.22	3:36:59	sample
INFO    | mcmc.py      | 2800	 520	454275.112	[ 92999 232727 266030]	0.22	3:40:13	sample
INFO    | mcmc.py      | 2850	 530	454272.646	[ 86231 192018 326066]	0.22	3:44:08	sample
INFO    | mcmc.py      | 2900	 540	454272.909	[ 79461 222958 288530]	0.22	3:48:54	sample
INFO    | mcmc.py      | 2950	 550	454272.047	[ 94372 201339 281539]	0.22	3:51:47	sample
INFO    | mcmc.py      | 3000	 560	454273.785	[ 99981 205254 261890]	0.22	3:56:01	sample
INFO    | mcmc.py      | 3050	 570	454272.829	[103337 197787 276137]	0.22	3:59:05	sample
INFO    | mcmc.py      | 3100	 580	454273.708	[ 81606 219606 277002]	0.22	4:02:12	sample
INFO    | mcmc.py      | 3150	 590	454271.761	[ 83397 218973 302437]	0.23	4:05:12	sample
INFO    | mcmc.py      | 3200	 600	454271.962	[ 82654 203673 322691]	0.22	4:09:22	sample
INFO    | mcmc.py      | checkpoint saved.
INFO    | mcmc.py      | MCMC current posterior mean=[ 89460 206270 303877 454273]
INFO    | mcmc.py      | MCMC current posterior std =[ 9437 15088 20997     1]
INFO    | mcmc.py      | MCMC current posterior ESS =[493, 526, 576, 515]

INFO    | mcmc.py      | 3250	 610	454271.503	[ 90400 203606 292669]	0.22	4:13:41	sample
INFO    | mcmc.py      | 3300	 620	454271.803	[ 90024 208596 313105]	0.22	4:17:36	sample
INFO    | mcmc.py      | 3350	 630	454271.767	[ 83975 218693 297476]	0.22	4:20:54	sample
INFO    | mcmc.py      | 3400	 640	454271.552	[ 83963 214737 306082]	0.22	4:24:36	sample
INFO    | mcmc.py      | 3450	 650	454272.718	[ 85397 216585 322957]	0.22	4:27:51	sample
INFO    | mcmc.py      | 3500	 660	454274.221	[ 69326 221065 325321]	0.22	4:31:12	sample
INFO    | mcmc.py      | 3550	 670	454272.071	[ 90986 206249 281347]	0.22	4:35:03	sample
INFO    | mcmc.py      | 3600	 680	454275.392	[102161 176431 334779]	0.22	4:39:07	sample
INFO    | mcmc.py      | 3650	 690	454273.123	[ 95935 218120 273876]	0.22	4:42:39	sample
INFO    | mcmc.py      | 3700	 700	454274.191	[ 72040 209190 325175]	0.22	4:45:20	sample
INFO    | mcmc.py      | checkpoint saved.
INFO    | mcmc.py      | MCMC current posterior mean=[ 89125 206666 304076 454273]
INFO    | mcmc.py      | MCMC current posterior std =[ 9549 15127 21140     1]
INFO    | mcmc.py      | MCMC current posterior ESS =[404, 583, 685, 618]

INFO    | mcmc.py      | 3750	 710	454273.588	[ 77948 209904 344560]	0.22	4:48:23	sample
INFO    | mcmc.py      | 3800	 720	454271.589	[ 83030 208615 310102]	0.22	4:51:41	sample
INFO    | mcmc.py      | 3850	 730	454277.023	[ 65840 226316 360625]	0.22	4:56:30	sample
INFO    | mcmc.py      | 3900	 740	454273.027	[ 99997 206511 269594]	0.22	4:59:31	sample
INFO    | mcmc.py      | 3950	 750	454274.016	[ 91586 215599 321066]	0.22	5:02:56	sample
INFO    | mcmc.py      | 4000	 760	454273.549	[100401 181041 290257]	0.22	5:06:16	sample
INFO    | mcmc.py      | 4050	 770	454272.770	[100655 191105 312938]	0.22	5:10:29	sample
INFO    | mcmc.py      | 4100	 780	454272.332	[ 91085 219911 289849]	0.22	5:14:19	sample
INFO    | mcmc.py      | 4150	 790	454275.108	[ 69258 235421 300318]	0.22	5:18:21	sample
INFO    | mcmc.py      | 4200	 800	454272.674	[ 86549 205242 283964]	0.22	5:22:27	sample
INFO    | mcmc.py      | checkpoint saved.
INFO    | mcmc.py      | MCMC current posterior mean=[ 89014 206745 304388 454273]
INFO    | mcmc.py      | MCMC current posterior std =[ 9459 15034 21191     1]
INFO    | mcmc.py      | MCMC current posterior ESS =[473, 642, 769, 704]

INFO    | mcmc.py      | 4250	 810	454274.023	[ 82610 192969 346283]	0.22	5:26:43	sample
INFO    | mcmc.py      | 4300	 820	454272.926	[102357 185881 285904]	0.22	5:30:25	sample
INFO    | mcmc.py      | 4350	 830	454274.375	[ 79144 192952 341388]	0.22	5:34:10	sample
INFO    | mcmc.py      | 4400	 840	454273.735	[ 87448 219648 267381]	0.22	5:37:09	sample
INFO    | mcmc.py      | 4450	 850	454274.893	[ 83493 184919 341230]	0.22	5:40:36	sample
INFO    | mcmc.py      | 4500	 860	454272.713	[ 78360 228702 305723]	0.22	5:44:17	sample
INFO    | mcmc.py      | 4550	 870	454273.765	[ 92761 226837 286176]	0.22	5:48:13	sample
INFO    | mcmc.py      | 4600	 880	454275.618	[105369 182956 329880]	0.22	5:52:49	sample
INFO    | mcmc.py      | 4650	 890	454274.824	[ 99614 216266 299525]	0.22	5:56:38	sample
INFO    | mcmc.py      | 4700	 900	454273.416	[100026 186150 323062]	0.22	5:59:59	sample
INFO    | mcmc.py      | checkpoint saved.
INFO    | mcmc.py      | MCMC current posterior mean=[ 89044 206662 304162 454273]
INFO    | mcmc.py      | MCMC current posterior std =[ 9452 15025 20901     1]
INFO    | mcmc.py      | MCMC current posterior ESS =[617, 734, 851, 798]

INFO    | mcmc.py      | 4750	 910	454272.660	[ 93397 211565 272049]	0.22	6:03:35	sample
INFO    | mcmc.py      | 4800	 920	454275.038	[ 82393 193209 296809]	0.22	6:07:00	sample
INFO    | mcmc.py      | 4850	 930	454273.264	[ 77496 222765 330408]	0.22	6:09:48	sample
INFO    | mcmc.py      | 4900	 940	454272.179	[ 80115 206594 323930]	0.22	6:14:06	sample
INFO    | mcmc.py      | 4950	 950	454272.180	[ 92936 200371 319881]	0.22	6:18:03	sample
INFO    | mcmc.py      | 5000	 960	454272.728	[ 95115 213399 301143]	0.22	6:20:58	sample
INFO    | mcmc.py      | 5050	 970	454272.441	[102516 193066 298444]	0.22	6:25:41	sample
INFO    | mcmc.py      | 5100	 980	454272.626	[ 77376 224365 300673]	0.22	6:29:47	sample
INFO    | mcmc.py      | 5150	 990	454274.576	[ 77599 198498 352020]	0.22	6:35:01	sample
INFO    | mcmc.py      | 5200	1000	454272.262	[ 94087 188136 314994]	0.22	6:38:50	sample
INFO    | mcmc.py      | checkpoint saved.
INFO    | mcmc.py      | MCMC current posterior mean=[ 89135 206332 304094 454273]
INFO    | mcmc.py      | MCMC current posterior std =[ 9360 14843 20795     1]
INFO    | mcmc.py      | MCMC current posterior ESS =[771, 815, 946, 915]

INFO    | mcmc.py      | 5250	1010	454273.700	[107198 191133 300799]	0.22	6:43:05	sample
INFO    | mcmc.py      | 5300	1020	454272.552	[ 90985 206231 276512]	0.22	6:47:15	sample
INFO    | mcmc.py      | 5350	1030	454271.388	[ 93142 201574 296468]	0.22	6:51:28	sample
INFO    | mcmc.py      | 5400	1040	454273.176	[ 99824 211215 290349]	0.22	6:55:11	sample
INFO    | mcmc.py      | 5450	1050	454271.951	[ 83792 213343 292120]	0.22	6:58:20	sample
INFO    | mcmc.py      | 5500	1060	454276.130	[109737 165945 304997]	0.22	7:01:38	sample
INFO    | mcmc.py      | 5550	1070	454272.454	[ 96597 205141 274254]	0.22	7:05:14	sample
INFO    | mcmc.py      | 5600	1080	454273.420	[104636 199748 269560]	0.22	7:09:00	sample
INFO    | mcmc.py      | 5650	1090	454273.653	[107639 180360 291022]	0.22	7:12:42	sample
INFO    | mcmc.py      | 5700	1100	454276.619	[ 83947 188971 366951]	0.22	7:15:57	sample
INFO    | mcmc.py      | checkpoint saved.
INFO    | mcmc.py      | MCMC current posterior mean=[ 89399 205940 303619 454273]
INFO    | mcmc.py      | MCMC current posterior std =[ 9411 14850 20677     1]
INFO    | mcmc.py      | MCMC current posterior ESS =[738, 887, 1024, 1005]

INFO    | mcmc.py      | 5750	1110	454272.137	[ 92518 189428 309544]	0.22	7:19:37	sample
INFO    | mcmc.py      | 5800	1120	454277.859	[109347 176514 336953]	0.22	7:24:40	sample
INFO    | mcmc.py      | 5850	1130	454271.400	[ 93471 201951 295962]	0.22	7:28:41	sample
INFO    | mcmc.py      | 5900	1140	454271.331	[ 90101 207816 301101]	0.22	7:33:02	sample
INFO    | mcmc.py      | 5950	1150	454271.803	[ 91827 199432 317308]	0.22	7:36:29	sample
INFO    | mcmc.py      | 6000	1160	454273.204	[107314 190448 288231]	0.22	7:39:37	sample
INFO    | mcmc.py      | 6050	1170	454273.773	[ 90004 229193 272929]	0.22	7:43:17	sample
INFO    | mcmc.py      | 6100	1180	454273.056	[101950 183378 289901]	0.22	7:46:35	sample
INFO    | mcmc.py      | 6150	1190	454275.093	[110228 173329 285399]	0.22	7:49:59	sample
INFO    | mcmc.py      | 6200	1200	454272.141	[ 92343 216674 286275]	0.22	7:54:23	sample
INFO    | mcmc.py      | checkpoint saved.
INFO    | mcmc.py      | MCMC current posterior mean=[ 89578 205813 303766 454273]
INFO    | mcmc.py      | MCMC current posterior std =[ 9443 14787 20593     1]
INFO    | mcmc.py      | MCMC current posterior ESS =[866, 958, 1080, 1133]

INFO    | mcmc.py      | 6250	1210	454272.663	[ 83123 217949 324308]	0.22	7:57:34	sample
INFO    | mcmc.py      | 6300	1220	454271.869	[ 83856 218732 293900]	0.22	8:00:55	sample
INFO    | mcmc.py      | 6350	1230	454272.484	[ 83359 204083 296118]	0.22	8:04:24	sample
INFO    | mcmc.py      | 6400	1240	454273.532	[106913 198846 283550]	0.22	8:07:10	sample
INFO    | mcmc.py      | 6450	1250	454273.635	[ 76954 208302 302006]	0.22	8:10:27	sample
INFO    | mcmc.py      | 6500	1260	454273.375	[ 88296 221360 314722]	0.22	8:14:05	sample
INFO    | mcmc.py      | 6550	1270	454271.545	[ 95072 202547 299254]	0.22	8:16:58	sample
INFO    | mcmc.py      | 6600	1280	454271.910	[ 93529 209634 281969]	0.22	8:21:21	sample
INFO    | mcmc.py      | 6650	1290	454272.283	[ 88461 213754 279425]	0.22	8:25:15	sample
INFO    | mcmc.py      | 6700	1300	454274.373	[ 91436 232106 276292]	0.22	8:28:37	sample
INFO    | mcmc.py      | checkpoint saved.
INFO    | mcmc.py      | MCMC current posterior mean=[ 89574 205854 303884 454273]
INFO    | mcmc.py      | MCMC current posterior std =[ 9455 14718 20777     1]
INFO    | mcmc.py      | MCMC current posterior ESS =[1035, 1045, 1197, 1230]

INFO    | mcmc.py      | 6750	1310	454275.204	[ 88291 208905 344769]	0.22	8:31:48	sample
INFO    | mcmc.py      | 6800	1320	454274.250	[ 76280 212220 293671]	0.22	8:35:34	sample
INFO    | mcmc.py      | 6850	1330	454273.790	[ 80654 208727 346169]	0.22	8:39:05	sample
INFO    | mcmc.py      | 6900	1340	454272.498	[ 80836 225405 292369]	0.22	8:42:00	sample
INFO    | mcmc.py      | 6950	1350	454271.877	[ 82691 218997 296880]	0.22	8:45:37	sample
INFO    | mcmc.py      | 7000	1360	454275.136	[ 77012 226340 342881]	0.22	8:50:18	sample
INFO    | mcmc.py      | 7050	1370	454273.232	[ 77667 233348 298979]	0.22	8:53:05	sample
INFO    | mcmc.py      | 7100	1380	454272.809	[104815 189029 296991]	0.22	8:56:30	sample
INFO    | mcmc.py      | 7150	1390	454271.926	[ 96930 206667 288878]	0.22	9:00:15	sample
INFO    | mcmc.py      | 7200	1400	454271.996	[ 97288 205531 295378]	0.22	9:03:43	sample
INFO    | mcmc.py      | checkpoint saved.
INFO    | mcmc.py      | MCMC current posterior mean=[ 89634 205870 303850 454273]
INFO    | mcmc.py      | MCMC current posterior std =[ 9392 14726 20817     1]
INFO    | mcmc.py      | MCMC current posterior ESS =[1105, 1081, 1288, 1338]

INFO    | mcmc.py      | 7250	1410	454273.223	[105219 192086 301752]	0.22	9:07:59	sample
INFO    | mcmc.py      | 7300	1420	454272.097	[ 94707 207708 278667]	0.22	9:12:25	sample
INFO    | mcmc.py      | 7350	1430	454272.702	[ 82129 202029 335795]	0.22	9:15:48	sample
INFO    | mcmc.py      | 7400	1440	454274.483	[106865 206860 279434]	0.22	9:18:51	sample
INFO    | mcmc.py      | 7450	1450	454272.267	[ 78680 220267 302231]	0.22	9:23:32	sample
INFO    | mcmc.py      | 7500	1460	454276.835	[ 69262 251279 290928]	0.22	9:26:29	sample
INFO    | mcmc.py      | 7550	1470	454274.391	[ 88369 200551 346533]	0.22	9:30:11	sample
INFO    | mcmc.py      | 7600	1480	454271.429	[ 88634 207553 309814]	0.22	9:33:36	sample
INFO    | mcmc.py      | 7650	1490	454272.285	[ 96668 210809 290822]	0.22	9:36:21	sample
INFO    | mcmc.py      | 7700	1500	454277.202	[108124 219003 265738]	0.22	9:39:46	sample
INFO    | mcmc.py      | checkpoint saved.
INFO    | mcmc.py      | MCMC current posterior mean=[ 89651 205947 303850 454273]
INFO    | mcmc.py      | MCMC current posterior std =[ 9450 14729 20752     1]
INFO    | mcmc.py      | MCMC current posterior ESS =[1209, 1190, 1408, 1431]

INFO    | mcmc.py      | 7750	1510	454275.193	[103782 173369 288268]	0.22	9:43:20	sample
INFO    | mcmc.py      | 7800	1520	454273.189	[ 77323 204620 314288]	0.22	9:46:53	sample
INFO    | mcmc.py      | 7850	1530	454272.521	[ 83634 203894 295043]	0.22	9:50:40	sample
INFO    | mcmc.py      | 7900	1540	454271.940	[ 84868 221218 299749]	0.22	9:54:23	sample
INFO    | mcmc.py      | 7950	1550	454271.467	[ 91045 207397 305145]	0.22	9:58:28	sample
INFO    | mcmc.py      | 8000	1560	454273.518	[ 96965 214140 264787]	0.22	10:01:30	sample
INFO    | mcmc.py      | 8050	1570	454272.164	[ 84891 201280 299879]	0.22	10:04:46	sample
INFO    | mcmc.py      | 8100	1580	454274.716	[109775 174227 305112]	0.22	10:08:18	sample
INFO    | mcmc.py      | 8150	1590	454271.644	[ 91423 210008 303594]	0.22	10:11:25	sample
INFO    | mcmc.py      | 8200	1600	454273.125	[ 83675 208074 284190]	0.22	10:14:33	sample
INFO    | mcmc.py      | checkpoint saved.
INFO    | mcmc.py      | MCMC current posterior mean=[ 89628 205961 303921 454273]
INFO    | mcmc.py      | MCMC current posterior std =[ 9427 14760 20661     1]
INFO    | mcmc.py      | MCMC current posterior ESS =[1241, 1185, 1496, 1527]

INFO    | mcmc.py      | 8250	1610	454273.044	[ 76528 209178 310841]	0.22	10:18:19	sample
INFO    | mcmc.py      | 8300	1620	454273.274	[ 92635 193248 334605]	0.22	10:21:16	sample
INFO    | mcmc.py      | 8350	1630	454273.817	[ 76078 236289 293758]	0.22	10:24:30	sample
INFO    | mcmc.py      | 8400	1640	454272.596	[ 91949 217597 275405]	0.22	10:28:41	sample
INFO    | mcmc.py      | 8450	1650	454273.391	[ 95220 209933 314504]	0.22	10:31:09	sample
INFO    | mcmc.py      | 8500	1660	454272.585	[101490 202682 278608]	0.22	10:34:59	sample
INFO    | mcmc.py      | 8550	1670	454272.396	[ 89461 221301 282717]	0.22	10:38:29	sample
INFO    | mcmc.py      | 8600	1680	454272.837	[ 80603 209389 336580]	0.22	10:41:38	sample
INFO    | mcmc.py      | 8650	1690	454272.848	[ 74405 220704 316591]	0.22	10:44:58	sample
INFO    | mcmc.py      | 8700	1700	454271.402	[ 92470 199516 305346]	0.22	10:48:41	sample
INFO    | mcmc.py      | checkpoint saved.
INFO    | mcmc.py      | MCMC current posterior mean=[ 89499 206186 303975 454273]
INFO    | mcmc.py      | MCMC current posterior std =[ 9486 14811 20603     1]
INFO    | mcmc.py      | MCMC current posterior ESS =[1134, 1275, 1578, 1616]

INFO    | mcmc.py      | 8750	1710	454271.783	[ 96869 192721 302035]	0.22	10:53:14	sample
INFO    | mcmc.py      | 8800	1720	454272.386	[ 78003 211046 325529]	0.22	10:56:40	sample
INFO    | mcmc.py      | 8850	1730	454276.804	[ 74323 205589 292846]	0.22	11:00:26	sample
INFO    | mcmc.py      | 8900	1740	454274.130	[ 74564 208393 308274]	0.22	11:03:31	sample
INFO    | mcmc.py      | 8950	1750	454275.745	[ 65417 231813 338371]	0.22	11:06:19	sample
INFO    | mcmc.py      | 9000	1760	454271.432	[ 89639 199456 305308]	0.22	11:09:53	sample
INFO    | mcmc.py      | 9050	1770	454272.149	[ 90114 200493 287007]	0.22	11:13:12	sample
INFO    | mcmc.py      | 9100	1780	454273.335	[ 84307 192521 308137]	0.22	11:17:06	sample
INFO    | mcmc.py      | 9150	1790	454274.491	[112467 182901 291961]	0.22	11:19:37	sample
INFO    | mcmc.py      | 9200	1800	454272.400	[ 97019 200949 311368]	0.22	11:22:39	sample
INFO    | mcmc.py      | checkpoint saved.
INFO    | mcmc.py      | MCMC current posterior mean=[ 89419 206256 303962 454273]
INFO    | mcmc.py      | MCMC current posterior std =[ 9506 14793 20609     1]
INFO    | mcmc.py      | MCMC current posterior ESS =[1419, 1424, 1668, 1735]

INFO    | mcmc.py      | 9250	1810	454271.991	[ 95368 209427 295699]	0.22	11:26:37	sample
INFO    | mcmc.py      | 9300	1820	454272.218	[ 86458 206014 327257]	0.22	11:30:05	sample
INFO    | mcmc.py      | 9350	1830	454272.491	[ 85192 201916 333205]	0.22	11:33:31	sample
INFO    | mcmc.py      | 9400	1840	454271.374	[ 92864 202822 301310]	0.22	11:36:40	sample
INFO    | mcmc.py      | 9450	1850	454274.902	[ 98120 188587 338855]	0.22	11:39:54	sample
INFO    | mcmc.py      | 9500	1860	454271.876	[ 96024 200393 307310]	0.22	11:44:26	sample
INFO    | mcmc.py      | 9550	1870	454271.721	[ 94201 206115 285162]	0.22	11:49:11	sample
INFO    | mcmc.py      | 9600	1880	454272.188	[ 85117 216392 285145]	0.22	11:52:38	sample
INFO    | mcmc.py      | 9650	1890	454277.256	[ 79210 244945 260661]	0.22	11:56:52	sample
INFO    | mcmc.py      | 9700	1900	454273.014	[ 75841 228294 301625]	0.22	11:59:23	sample
INFO    | mcmc.py      | checkpoint saved.
INFO    | mcmc.py      | MCMC current posterior mean=[ 89473 206279 303825 454273]
INFO    | mcmc.py      | MCMC current posterior std =[ 9486 14732 20637     1]
INFO    | mcmc.py      | MCMC current posterior ESS =[1493, 1533, 1746, 1795]

INFO    | mcmc.py      | 9750	1910	454271.961	[ 83476 202450 323422]	0.22	12:04:59	sample
INFO    | mcmc.py      | 9800	1920	454272.690	[ 87025 222034 309000]	0.22	12:08:16	sample
INFO    | mcmc.py      | 9850	1930	454273.892	[ 71866 233546 314734]	0.22	12:10:59	sample
INFO    | mcmc.py      | 9900	1940	454272.872	[ 94089 213129 307441]	0.22	12:13:57	sample
INFO    | mcmc.py      | 9950	1950	454272.001	[ 87855 206161 322573]	0.22	12:18:00	sample
INFO    | mcmc.py      | 10000	1960	454272.709	[102282 203341 282637]	0.22	12:20:55	sample
INFO    | mcmc.py      | 10050	1970	454274.498	[105587 184240 319926]	0.22	12:24:36	sample
INFO    | mcmc.py      | 10100	1980	454273.346	[ 94190 183326 328121]	0.22	12:27:20	sample
INFO    | mcmc.py      | 10150	1990	454272.286	[ 92308 189796 301885]	0.22	12:30:01	sample
INFO    | mcmc.py      | 10200	2000	454272.105	[ 79023 218041 316307]	0.22	12:33:43	sample
INFO    | mcmc.py      | checkpoint saved.
INFO    | mcmc.py      | MCMC current posterior mean=[ 89387 206396 304066 454273]
INFO    | mcmc.py      | MCMC current posterior std =[ 9471 14675 20619     1]
INFO    | mcmc.py      | MCMC current posterior ESS =[1592, 1652, 1824, 1867]

INFO    | mcmc.py      | 10250	2010	454275.509	[ 70455 236677 290762]	0.22	12:37:16	sample
INFO    | mcmc.py      | 10300	2020	454271.316	[ 87300 208603 303494]	0.22	12:41:12	sample
INFO    | mcmc.py      | 10350	2030	454271.765	[ 83820 218225 296890]	0.22	12:43:51	sample
INFO    | mcmc.py      | 10400	2040	454273.126	[ 95392 190077 283070]	0.22	12:48:02	sample
INFO    | mcmc.py      | 10450	2050	454272.429	[ 90429 190242 323996]	0.22	12:51:46	sample
INFO    | mcmc.py      | 10500	2060	454272.336	[ 77411 215058 311301]	0.22	12:55:24	sample
INFO    | mcmc.py      | 10550	2070	454272.642	[ 86530 200041 334370]	0.22	12:58:32	sample
INFO    | mcmc.py      | 10600	2080	454272.721	[ 83762 195390 330636]	0.22	13:02:04	sample
INFO    | mcmc.py      | 10650	2090	454273.055	[ 98415 186270 286392]	0.22	13:06:28	sample
INFO    | mcmc.py      | 10700	2100	454275.134	[105298 214548 268133]	0.22	13:10:28	sample
INFO    | mcmc.py      | checkpoint saved.
INFO    | mcmc.py      | MCMC current posterior mean=[ 89447 206242 304019 454273]
INFO    | mcmc.py      | MCMC current posterior std =[ 9498 14677 20721     1]
INFO    | mcmc.py      | MCMC current posterior ESS =[1656, 1700, 1879, 1951]

INFO    | mcmc.py      | 10750	2110	454271.526	[ 84004 212373 302130]	0.22	13:13:52	sample
INFO    | mcmc.py      | 10800	2120	454271.811	[ 90813 212576 304001]	0.22	13:17:20	sample
INFO    | mcmc.py      | 10850	2130	454271.533	[ 84147 213960 307621]	0.22	13:20:36	sample
INFO    | mcmc.py      | 10900	2140	454271.936	[ 85545 212633 318479]	0.22	13:23:32	sample
INFO    | mcmc.py      | 10950	2150	454272.276	[ 79068 213931 303231]	0.22	13:27:56	sample
INFO    | mcmc.py      | 11000	2160	454272.333	[ 98758 207575 283278]	0.22	13:31:36	sample
INFO    | mcmc.py      | 11050	2170	454275.460	[ 86337 241673 288933]	0.22	13:34:49	sample
INFO    | mcmc.py      | 11100	2180	454276.229	[ 83648 179747 330954]	0.22	13:38:30	sample
INFO    | mcmc.py      | 11150	2190	454271.288	[ 90027 204881 303355]	0.22	13:41:50	sample
INFO    | mcmc.py      | 11200	2200	454271.914	[ 94586 201125 283388]	0.22	13:45:01	sample
INFO    | mcmc.py      | checkpoint saved.
INFO    | mcmc.py      | MCMC current posterior mean=[ 89449 206266 304017 454273]
INFO    | mcmc.py      | MCMC current posterior std =[ 9450 14624 20622     1]
INFO    | mcmc.py      | MCMC current posterior ESS =[1755, 1835, 1990, 2053]

INFO    | mcmc.py      | 11250	2210	454271.614	[ 84244 205389 306723]	0.22	13:48:20	sample
INFO    | mcmc.py      | 11300	2220	454272.772	[ 81792 228263 307052]	0.22	13:51:50	sample
INFO    | mcmc.py      | 11350	2230	454274.095	[ 92172 183519 295878]	0.22	13:56:19	sample
INFO    | mcmc.py      | 11400	2240	454272.986	[ 96513 184633 322765]	0.22	13:59:20	sample
INFO    | mcmc.py      | 11450	2250	454271.836	[ 80869 216267 312891]	0.22	14:02:27	sample
INFO    | mcmc.py      | 11500	2260	454271.835	[ 96834 194727 307072]	0.22	14:06:17	sample
INFO    | mcmc.py      | 11550	2270	454274.280	[ 96097 209955 318937]	0.22	14:09:15	sample
INFO    | mcmc.py      | 11600	2280	454276.531	[ 67082 232988 350657]	0.22	14:12:06	sample
INFO    | mcmc.py      | 11650	2290	454272.463	[ 90082 188908 318342]	0.22	14:14:56	sample
INFO    | mcmc.py      | 11700	2300	454273.898	[ 88084 183259 323620]	0.22	14:18:10	sample
INFO    | mcmc.py      | checkpoint saved.
INFO    | mcmc.py      | MCMC current posterior mean=[ 89490 206161 304108 454273]
INFO    | mcmc.py      | MCMC current posterior std =[ 9492 14610 20614     1]
INFO    | mcmc.py      | MCMC current posterior ESS =[1828, 1858, 2007, 2131]

